resources---- free cores:  384 free gpus:  0
resources---- free cores:  384 free gpus:  0
/gpfs/wolf2/cades/mat269/scratch/sny/MOOSE_SIMULATIONS/AutoPF/example_allen_cahn/output/AC_L_0.1_kappa_0.1
resources---- free cores:  384 free gpus:  0
resources---- free cores:  380 free gpus:  0
/gpfs/wolf2/cades/mat269/scratch/sny/MOOSE_SIMULATIONS/AutoPF/example_allen_cahn/output/AC_L_0.1_kappa_0.2
resources---- free cores:  380 free gpus:  0
resources---- free cores:  376 free gpus:  0
/gpfs/wolf2/cades/mat269/scratch/sny/MOOSE_SIMULATIONS/AutoPF/example_allen_cahn/output/AC_L_0.1_kappa_0.30000000000000004
resources---- free cores:  376 free gpus:  0
resources---- free cores:  376 free gpus:  0
/gpfs/wolf2/cades/mat269/scratch/sny/MOOSE_SIMULATIONS/AutoPF/example_allen_cahn/output/AC_L_0.1_kappa_0.4
resources---- free cores:  376 free gpus:  0
resources---- free cores:  376 free gpus:  0
/gpfs/wolf2/cades/mat269/scratch/sny/MOOSE_SIMULATIONS/AutoPF/example_allen_cahn/output/AC_L_0.1_kappa_0.5
resources---- free cores:  376 free gpus:  0
resources---- free cores:  376 free gpus:  0
/gpfs/wolf2/cades/mat269/scratch/sny/MOOSE_SIMULATIONS/AutoPF/example_allen_cahn/output/AC_L_0.1_kappa_0.6
resources---- free cores:  376 free gpus:  0
resources---- free cores:  380 free gpus:  0
/gpfs/wolf2/cades/mat269/scratch/sny/MOOSE_SIMULATIONS/AutoPF/example_allen_cahn/output/AC_L_0.1_kappa_0.7000000000000001
resources---- free cores:  380 free gpus:  0
resources---- free cores:  380 free gpus:  0
/gpfs/wolf2/cades/mat269/scratch/sny/MOOSE_SIMULATIONS/AutoPF/example_allen_cahn/output/AC_L_0.1_kappa_0.8
resources---- free cores:  380 free gpus:  0
resources---- free cores:  380 free gpus:  0
/gpfs/wolf2/cades/mat269/scratch/sny/MOOSE_SIMULATIONS/AutoPF/example_allen_cahn/output/AC_L_0.1_kappa_0.9
resources---- free cores:  380 free gpus:  0
resources---- free cores:  380 free gpus:  0
/gpfs/wolf2/cades/mat269/scratch/sny/MOOSE_SIMULATIONS/AutoPF/example_allen_cahn/output/AC_L_0.1_kappa_1.0
resources---- free cores:  380 free gpus:  0
resources---- free cores:  380 free gpus:  0
/gpfs/wolf2/cades/mat269/scratch/sny/MOOSE_SIMULATIONS/AutoPF/example_allen_cahn/output/AC_L_0.2_kappa_0.1
resources---- free cores:  380 free gpus:  0
resources---- free cores:  380 free gpus:  0
/gpfs/wolf2/cades/mat269/scratch/sny/MOOSE_SIMULATIONS/AutoPF/example_allen_cahn/output/AC_L_0.2_kappa_0.2
resources---- free cores:  380 free gpus:  0
resources---- free cores:  380 free gpus:  0
/gpfs/wolf2/cades/mat269/scratch/sny/MOOSE_SIMULATIONS/AutoPF/example_allen_cahn/output/AC_L_0.2_kappa_0.30000000000000004
resources---- free cores:  380 free gpus:  0
resources---- free cores:  380 free gpus:  0
/gpfs/wolf2/cades/mat269/scratch/sny/MOOSE_SIMULATIONS/AutoPF/example_allen_cahn/output/AC_L_0.2_kappa_0.4
resources---- free cores:  380 free gpus:  0
resources---- free cores:  380 free gpus:  0
/gpfs/wolf2/cades/mat269/scratch/sny/MOOSE_SIMULATIONS/AutoPF/example_allen_cahn/output/AC_L_0.2_kappa_0.5
resources---- free cores:  380 free gpus:  0
resources---- free cores:  380 free gpus:  0
/gpfs/wolf2/cades/mat269/scratch/sny/MOOSE_SIMULATIONS/AutoPF/example_allen_cahn/output/AC_L_0.2_kappa_0.6
resources---- free cores:  380 free gpus:  0
resources---- free cores:  380 free gpus:  0
/gpfs/wolf2/cades/mat269/scratch/sny/MOOSE_SIMULATIONS/AutoPF/example_allen_cahn/output/AC_L_0.2_kappa_0.7000000000000001
resources---- free cores:  380 free gpus:  0
resources---- free cores:  380 free gpus:  0
/gpfs/wolf2/cades/mat269/scratch/sny/MOOSE_SIMULATIONS/AutoPF/example_allen_cahn/output/AC_L_0.2_kappa_0.8
resources---- free cores:  380 free gpus:  0
resources---- free cores:  380 free gpus:  0
/gpfs/wolf2/cades/mat269/scratch/sny/MOOSE_SIMULATIONS/AutoPF/example_allen_cahn/output/AC_L_0.2_kappa_0.9
resources---- free cores:  380 free gpus:  0
resources---- free cores:  380 free gpus:  0
/gpfs/wolf2/cades/mat269/scratch/sny/MOOSE_SIMULATIONS/AutoPF/example_allen_cahn/output/AC_L_0.2_kappa_1.0
resources---- free cores:  380 free gpus:  0
resources---- free cores:  380 free gpus:  0
/gpfs/wolf2/cades/mat269/scratch/sny/MOOSE_SIMULATIONS/AutoPF/example_allen_cahn/output/AC_L_0.30000000000000004_kappa_0.1
resources---- free cores:  380 free gpus:  0
resources---- free cores:  380 free gpus:  0
/gpfs/wolf2/cades/mat269/scratch/sny/MOOSE_SIMULATIONS/AutoPF/example_allen_cahn/output/AC_L_0.30000000000000004_kappa_0.2
resources---- free cores:  380 free gpus:  0
resources---- free cores:  380 free gpus:  0
/gpfs/wolf2/cades/mat269/scratch/sny/MOOSE_SIMULATIONS/AutoPF/example_allen_cahn/output/AC_L_0.30000000000000004_kappa_0.30000000000000004
resources---- free cores:  380 free gpus:  0
resources---- free cores:  380 free gpus:  0
/gpfs/wolf2/cades/mat269/scratch/sny/MOOSE_SIMULATIONS/AutoPF/example_allen_cahn/output/AC_L_0.30000000000000004_kappa_0.4
resources---- free cores:  380 free gpus:  0
resources---- free cores:  380 free gpus:  0
/gpfs/wolf2/cades/mat269/scratch/sny/MOOSE_SIMULATIONS/AutoPF/example_allen_cahn/output/AC_L_0.30000000000000004_kappa_0.5
resources---- free cores:  380 free gpus:  0
resources---- free cores:  380 free gpus:  0
/gpfs/wolf2/cades/mat269/scratch/sny/MOOSE_SIMULATIONS/AutoPF/example_allen_cahn/output/AC_L_0.30000000000000004_kappa_0.6
resources---- free cores:  380 free gpus:  0
resources---- free cores:  380 free gpus:  0
/gpfs/wolf2/cades/mat269/scratch/sny/MOOSE_SIMULATIONS/AutoPF/example_allen_cahn/output/AC_L_0.30000000000000004_kappa_0.7000000000000001
resources---- free cores:  380 free gpus:  0
resources---- free cores:  380 free gpus:  0
/gpfs/wolf2/cades/mat269/scratch/sny/MOOSE_SIMULATIONS/AutoPF/example_allen_cahn/output/AC_L_0.30000000000000004_kappa_0.8
resources---- free cores:  380 free gpus:  0
resources---- free cores:  380 free gpus:  0
/gpfs/wolf2/cades/mat269/scratch/sny/MOOSE_SIMULATIONS/AutoPF/example_allen_cahn/output/AC_L_0.30000000000000004_kappa_0.9
resources---- free cores:  380 free gpus:  0
resources---- free cores:  380 free gpus:  0
/gpfs/wolf2/cades/mat269/scratch/sny/MOOSE_SIMULATIONS/AutoPF/example_allen_cahn/output/AC_L_0.30000000000000004_kappa_1.0
resources---- free cores:  380 free gpus:  0
resources---- free cores:  380 free gpus:  0
/gpfs/wolf2/cades/mat269/scratch/sny/MOOSE_SIMULATIONS/AutoPF/example_allen_cahn/output/AC_L_0.4_kappa_0.1
resources---- free cores:  380 free gpus:  0
resources---- free cores:  380 free gpus:  0
/gpfs/wolf2/cades/mat269/scratch/sny/MOOSE_SIMULATIONS/AutoPF/example_allen_cahn/output/AC_L_0.4_kappa_0.2
resources---- free cores:  380 free gpus:  0
resources---- free cores:  380 free gpus:  0
/gpfs/wolf2/cades/mat269/scratch/sny/MOOSE_SIMULATIONS/AutoPF/example_allen_cahn/output/AC_L_0.4_kappa_0.30000000000000004
resources---- free cores:  380 free gpus:  0
resources---- free cores:  380 free gpus:  0
/gpfs/wolf2/cades/mat269/scratch/sny/MOOSE_SIMULATIONS/AutoPF/example_allen_cahn/output/AC_L_0.4_kappa_0.4
resources---- free cores:  380 free gpus:  0
resources---- free cores:  380 free gpus:  0
/gpfs/wolf2/cades/mat269/scratch/sny/MOOSE_SIMULATIONS/AutoPF/example_allen_cahn/output/AC_L_0.4_kappa_0.5
resources---- free cores:  380 free gpus:  0
resources---- free cores:  380 free gpus:  0
/gpfs/wolf2/cades/mat269/scratch/sny/MOOSE_SIMULATIONS/AutoPF/example_allen_cahn/output/AC_L_0.4_kappa_0.6
resources---- free cores:  380 free gpus:  0
resources---- free cores:  380 free gpus:  0
/gpfs/wolf2/cades/mat269/scratch/sny/MOOSE_SIMULATIONS/AutoPF/example_allen_cahn/output/AC_L_0.4_kappa_0.7000000000000001
resources---- free cores:  380 free gpus:  0
resources---- free cores:  380 free gpus:  0
/gpfs/wolf2/cades/mat269/scratch/sny/MOOSE_SIMULATIONS/AutoPF/example_allen_cahn/output/AC_L_0.4_kappa_0.8
resources---- free cores:  380 free gpus:  0
resources---- free cores:  380 free gpus:  0
/gpfs/wolf2/cades/mat269/scratch/sny/MOOSE_SIMULATIONS/AutoPF/example_allen_cahn/output/AC_L_0.4_kappa_0.9
resources---- free cores:  380 free gpus:  0
resources---- free cores:  380 free gpus:  0
/gpfs/wolf2/cades/mat269/scratch/sny/MOOSE_SIMULATIONS/AutoPF/example_allen_cahn/output/AC_L_0.4_kappa_1.0
resources---- free cores:  380 free gpus:  0
resources---- free cores:  380 free gpus:  0
/gpfs/wolf2/cades/mat269/scratch/sny/MOOSE_SIMULATIONS/AutoPF/example_allen_cahn/output/AC_L_0.5_kappa_0.1
resources---- free cores:  380 free gpus:  0
resources---- free cores:  380 free gpus:  0
/gpfs/wolf2/cades/mat269/scratch/sny/MOOSE_SIMULATIONS/AutoPF/example_allen_cahn/output/AC_L_0.5_kappa_0.2
resources---- free cores:  380 free gpus:  0
resources---- free cores:  380 free gpus:  0
/gpfs/wolf2/cades/mat269/scratch/sny/MOOSE_SIMULATIONS/AutoPF/example_allen_cahn/output/AC_L_0.5_kappa_0.30000000000000004
resources---- free cores:  380 free gpus:  0
resources---- free cores:  380 free gpus:  0
/gpfs/wolf2/cades/mat269/scratch/sny/MOOSE_SIMULATIONS/AutoPF/example_allen_cahn/output/AC_L_0.5_kappa_0.4
resources---- free cores:  380 free gpus:  0
resources---- free cores:  380 free gpus:  0
/gpfs/wolf2/cades/mat269/scratch/sny/MOOSE_SIMULATIONS/AutoPF/example_allen_cahn/output/AC_L_0.5_kappa_0.5
resources---- free cores:  380 free gpus:  0
resources---- free cores:  380 free gpus:  0
/gpfs/wolf2/cades/mat269/scratch/sny/MOOSE_SIMULATIONS/AutoPF/example_allen_cahn/output/AC_L_0.5_kappa_0.6
resources---- free cores:  380 free gpus:  0
resources---- free cores:  380 free gpus:  0
/gpfs/wolf2/cades/mat269/scratch/sny/MOOSE_SIMULATIONS/AutoPF/example_allen_cahn/output/AC_L_0.5_kappa_0.7000000000000001
resources---- free cores:  380 free gpus:  0
resources---- free cores:  380 free gpus:  0
/gpfs/wolf2/cades/mat269/scratch/sny/MOOSE_SIMULATIONS/AutoPF/example_allen_cahn/output/AC_L_0.5_kappa_0.8
resources---- free cores:  380 free gpus:  0
resources---- free cores:  380 free gpus:  0
/gpfs/wolf2/cades/mat269/scratch/sny/MOOSE_SIMULATIONS/AutoPF/example_allen_cahn/output/AC_L_0.5_kappa_0.9
resources---- free cores:  380 free gpus:  0
resources---- free cores:  380 free gpus:  0
/gpfs/wolf2/cades/mat269/scratch/sny/MOOSE_SIMULATIONS/AutoPF/example_allen_cahn/output/AC_L_0.5_kappa_1.0
resources---- free cores:  380 free gpus:  0
resources---- free cores:  380 free gpus:  0
/gpfs/wolf2/cades/mat269/scratch/sny/MOOSE_SIMULATIONS/AutoPF/example_allen_cahn/output/AC_L_0.6_kappa_0.1
resources---- free cores:  380 free gpus:  0
resources---- free cores:  380 free gpus:  0
/gpfs/wolf2/cades/mat269/scratch/sny/MOOSE_SIMULATIONS/AutoPF/example_allen_cahn/output/AC_L_0.6_kappa_0.2
resources---- free cores:  380 free gpus:  0
resources---- free cores:  380 free gpus:  0
/gpfs/wolf2/cades/mat269/scratch/sny/MOOSE_SIMULATIONS/AutoPF/example_allen_cahn/output/AC_L_0.6_kappa_0.30000000000000004
resources---- free cores:  380 free gpus:  0
resources---- free cores:  380 free gpus:  0
/gpfs/wolf2/cades/mat269/scratch/sny/MOOSE_SIMULATIONS/AutoPF/example_allen_cahn/output/AC_L_0.6_kappa_0.4
resources---- free cores:  380 free gpus:  0
resources---- free cores:  380 free gpus:  0
/gpfs/wolf2/cades/mat269/scratch/sny/MOOSE_SIMULATIONS/AutoPF/example_allen_cahn/output/AC_L_0.6_kappa_0.5
resources---- free cores:  380 free gpus:  0
resources---- free cores:  380 free gpus:  0
/gpfs/wolf2/cades/mat269/scratch/sny/MOOSE_SIMULATIONS/AutoPF/example_allen_cahn/output/AC_L_0.6_kappa_0.6
resources---- free cores:  380 free gpus:  0
resources---- free cores:  380 free gpus:  0
/gpfs/wolf2/cades/mat269/scratch/sny/MOOSE_SIMULATIONS/AutoPF/example_allen_cahn/output/AC_L_0.6_kappa_0.7000000000000001
resources---- free cores:  380 free gpus:  0
resources---- free cores:  380 free gpus:  0
/gpfs/wolf2/cades/mat269/scratch/sny/MOOSE_SIMULATIONS/AutoPF/example_allen_cahn/output/AC_L_0.6_kappa_0.8
resources---- free cores:  380 free gpus:  0
resources---- free cores:  380 free gpus:  0
/gpfs/wolf2/cades/mat269/scratch/sny/MOOSE_SIMULATIONS/AutoPF/example_allen_cahn/output/AC_L_0.6_kappa_0.9
resources---- free cores:  380 free gpus:  0
resources---- free cores:  380 free gpus:  0
/gpfs/wolf2/cades/mat269/scratch/sny/MOOSE_SIMULATIONS/AutoPF/example_allen_cahn/output/AC_L_0.6_kappa_1.0
resources---- free cores:  380 free gpus:  0
resources---- free cores:  380 free gpus:  0
/gpfs/wolf2/cades/mat269/scratch/sny/MOOSE_SIMULATIONS/AutoPF/example_allen_cahn/output/AC_L_0.7000000000000001_kappa_0.1
resources---- free cores:  380 free gpus:  0
resources---- free cores:  380 free gpus:  0
/gpfs/wolf2/cades/mat269/scratch/sny/MOOSE_SIMULATIONS/AutoPF/example_allen_cahn/output/AC_L_0.7000000000000001_kappa_0.2
resources---- free cores:  380 free gpus:  0
resources---- free cores:  380 free gpus:  0
/gpfs/wolf2/cades/mat269/scratch/sny/MOOSE_SIMULATIONS/AutoPF/example_allen_cahn/output/AC_L_0.7000000000000001_kappa_0.30000000000000004
resources---- free cores:  380 free gpus:  0
resources---- free cores:  380 free gpus:  0
/gpfs/wolf2/cades/mat269/scratch/sny/MOOSE_SIMULATIONS/AutoPF/example_allen_cahn/output/AC_L_0.7000000000000001_kappa_0.4
resources---- free cores:  380 free gpus:  0
resources---- free cores:  380 free gpus:  0
/gpfs/wolf2/cades/mat269/scratch/sny/MOOSE_SIMULATIONS/AutoPF/example_allen_cahn/output/AC_L_0.7000000000000001_kappa_0.5
resources---- free cores:  380 free gpus:  0
resources---- free cores:  380 free gpus:  0
/gpfs/wolf2/cades/mat269/scratch/sny/MOOSE_SIMULATIONS/AutoPF/example_allen_cahn/output/AC_L_0.7000000000000001_kappa_0.6
resources---- free cores:  380 free gpus:  0
resources---- free cores:  380 free gpus:  0
/gpfs/wolf2/cades/mat269/scratch/sny/MOOSE_SIMULATIONS/AutoPF/example_allen_cahn/output/AC_L_0.7000000000000001_kappa_0.7000000000000001
resources---- free cores:  380 free gpus:  0
resources---- free cores:  380 free gpus:  0
/gpfs/wolf2/cades/mat269/scratch/sny/MOOSE_SIMULATIONS/AutoPF/example_allen_cahn/output/AC_L_0.7000000000000001_kappa_0.8
resources---- free cores:  380 free gpus:  0
resources---- free cores:  380 free gpus:  0
/gpfs/wolf2/cades/mat269/scratch/sny/MOOSE_SIMULATIONS/AutoPF/example_allen_cahn/output/AC_L_0.7000000000000001_kappa_0.9
resources---- free cores:  380 free gpus:  0
resources---- free cores:  380 free gpus:  0
/gpfs/wolf2/cades/mat269/scratch/sny/MOOSE_SIMULATIONS/AutoPF/example_allen_cahn/output/AC_L_0.7000000000000001_kappa_1.0
resources---- free cores:  380 free gpus:  0
resources---- free cores:  380 free gpus:  0
/gpfs/wolf2/cades/mat269/scratch/sny/MOOSE_SIMULATIONS/AutoPF/example_allen_cahn/output/AC_L_0.8_kappa_0.1
resources---- free cores:  380 free gpus:  0
resources---- free cores:  380 free gpus:  0
/gpfs/wolf2/cades/mat269/scratch/sny/MOOSE_SIMULATIONS/AutoPF/example_allen_cahn/output/AC_L_0.8_kappa_0.2
resources---- free cores:  380 free gpus:  0
resources---- free cores:  380 free gpus:  0
/gpfs/wolf2/cades/mat269/scratch/sny/MOOSE_SIMULATIONS/AutoPF/example_allen_cahn/output/AC_L_0.8_kappa_0.30000000000000004
resources---- free cores:  380 free gpus:  0
resources---- free cores:  380 free gpus:  0
/gpfs/wolf2/cades/mat269/scratch/sny/MOOSE_SIMULATIONS/AutoPF/example_allen_cahn/output/AC_L_0.8_kappa_0.4
resources---- free cores:  380 free gpus:  0
resources---- free cores:  380 free gpus:  0
/gpfs/wolf2/cades/mat269/scratch/sny/MOOSE_SIMULATIONS/AutoPF/example_allen_cahn/output/AC_L_0.8_kappa_0.5
resources---- free cores:  380 free gpus:  0
resources---- free cores:  380 free gpus:  0
/gpfs/wolf2/cades/mat269/scratch/sny/MOOSE_SIMULATIONS/AutoPF/example_allen_cahn/output/AC_L_0.8_kappa_0.6
resources---- free cores:  380 free gpus:  0
resources---- free cores:  380 free gpus:  0
/gpfs/wolf2/cades/mat269/scratch/sny/MOOSE_SIMULATIONS/AutoPF/example_allen_cahn/output/AC_L_0.8_kappa_0.7000000000000001
resources---- free cores:  380 free gpus:  0
resources---- free cores:  380 free gpus:  0
/gpfs/wolf2/cades/mat269/scratch/sny/MOOSE_SIMULATIONS/AutoPF/example_allen_cahn/output/AC_L_0.8_kappa_0.8
resources---- free cores:  380 free gpus:  0
resources---- free cores:  380 free gpus:  0
/gpfs/wolf2/cades/mat269/scratch/sny/MOOSE_SIMULATIONS/AutoPF/example_allen_cahn/output/AC_L_0.8_kappa_0.9
resources---- free cores:  380 free gpus:  0
resources---- free cores:  380 free gpus:  0
/gpfs/wolf2/cades/mat269/scratch/sny/MOOSE_SIMULATIONS/AutoPF/example_allen_cahn/output/AC_L_0.8_kappa_1.0
resources---- free cores:  380 free gpus:  0
resources---- free cores:  380 free gpus:  0
/gpfs/wolf2/cades/mat269/scratch/sny/MOOSE_SIMULATIONS/AutoPF/example_allen_cahn/output/AC_L_0.9_kappa_0.1
resources---- free cores:  380 free gpus:  0
resources---- free cores:  380 free gpus:  0
/gpfs/wolf2/cades/mat269/scratch/sny/MOOSE_SIMULATIONS/AutoPF/example_allen_cahn/output/AC_L_0.9_kappa_0.2
resources---- free cores:  380 free gpus:  0
resources---- free cores:  380 free gpus:  0
/gpfs/wolf2/cades/mat269/scratch/sny/MOOSE_SIMULATIONS/AutoPF/example_allen_cahn/output/AC_L_0.9_kappa_0.30000000000000004
resources---- free cores:  380 free gpus:  0
resources---- free cores:  380 free gpus:  0
/gpfs/wolf2/cades/mat269/scratch/sny/MOOSE_SIMULATIONS/AutoPF/example_allen_cahn/output/AC_L_0.9_kappa_0.4
resources---- free cores:  380 free gpus:  0
resources---- free cores:  380 free gpus:  0
/gpfs/wolf2/cades/mat269/scratch/sny/MOOSE_SIMULATIONS/AutoPF/example_allen_cahn/output/AC_L_0.9_kappa_0.5
resources---- free cores:  380 free gpus:  0
resources---- free cores:  380 free gpus:  0
/gpfs/wolf2/cades/mat269/scratch/sny/MOOSE_SIMULATIONS/AutoPF/example_allen_cahn/output/AC_L_0.9_kappa_0.6
resources---- free cores:  380 free gpus:  0
resources---- free cores:  380 free gpus:  0
/gpfs/wolf2/cades/mat269/scratch/sny/MOOSE_SIMULATIONS/AutoPF/example_allen_cahn/output/AC_L_0.9_kappa_0.7000000000000001
resources---- free cores:  380 free gpus:  0
resources---- free cores:  380 free gpus:  0
/gpfs/wolf2/cades/mat269/scratch/sny/MOOSE_SIMULATIONS/AutoPF/example_allen_cahn/output/AC_L_0.9_kappa_0.8
resources---- free cores:  380 free gpus:  0
resources---- free cores:  380 free gpus:  0
/gpfs/wolf2/cades/mat269/scratch/sny/MOOSE_SIMULATIONS/AutoPF/example_allen_cahn/output/AC_L_0.9_kappa_0.9
resources---- free cores:  380 free gpus:  0
resources---- free cores:  380 free gpus:  0
/gpfs/wolf2/cades/mat269/scratch/sny/MOOSE_SIMULATIONS/AutoPF/example_allen_cahn/output/AC_L_0.9_kappa_1.0
resources---- free cores:  380 free gpus:  0
resources---- free cores:  380 free gpus:  0
/gpfs/wolf2/cades/mat269/scratch/sny/MOOSE_SIMULATIONS/AutoPF/example_allen_cahn/output/AC_L_1.0_kappa_0.1
resources---- free cores:  380 free gpus:  0
resources---- free cores:  380 free gpus:  0
/gpfs/wolf2/cades/mat269/scratch/sny/MOOSE_SIMULATIONS/AutoPF/example_allen_cahn/output/AC_L_1.0_kappa_0.2
resources---- free cores:  380 free gpus:  0
resources---- free cores:  380 free gpus:  0
/gpfs/wolf2/cades/mat269/scratch/sny/MOOSE_SIMULATIONS/AutoPF/example_allen_cahn/output/AC_L_1.0_kappa_0.30000000000000004
resources---- free cores:  380 free gpus:  0
resources---- free cores:  380 free gpus:  0
/gpfs/wolf2/cades/mat269/scratch/sny/MOOSE_SIMULATIONS/AutoPF/example_allen_cahn/output/AC_L_1.0_kappa_0.4
resources---- free cores:  380 free gpus:  0
resources---- free cores:  380 free gpus:  0
/gpfs/wolf2/cades/mat269/scratch/sny/MOOSE_SIMULATIONS/AutoPF/example_allen_cahn/output/AC_L_1.0_kappa_0.5
resources---- free cores:  380 free gpus:  0
resources---- free cores:  380 free gpus:  0
/gpfs/wolf2/cades/mat269/scratch/sny/MOOSE_SIMULATIONS/AutoPF/example_allen_cahn/output/AC_L_1.0_kappa_0.6
resources---- free cores:  380 free gpus:  0
resources---- free cores:  380 free gpus:  0
/gpfs/wolf2/cades/mat269/scratch/sny/MOOSE_SIMULATIONS/AutoPF/example_allen_cahn/output/AC_L_1.0_kappa_0.7000000000000001
resources---- free cores:  380 free gpus:  0
resources---- free cores:  380 free gpus:  0
/gpfs/wolf2/cades/mat269/scratch/sny/MOOSE_SIMULATIONS/AutoPF/example_allen_cahn/output/AC_L_1.0_kappa_0.8
resources---- free cores:  380 free gpus:  0
resources---- free cores:  380 free gpus:  0
/gpfs/wolf2/cades/mat269/scratch/sny/MOOSE_SIMULATIONS/AutoPF/example_allen_cahn/output/AC_L_1.0_kappa_0.9
resources---- free cores:  380 free gpus:  0
resources---- free cores:  380 free gpus:  0
/gpfs/wolf2/cades/mat269/scratch/sny/MOOSE_SIMULATIONS/AutoPF/example_allen_cahn/output/AC_L_1.0_kappa_1.0
resources---- free cores:  380 free gpus:  0
Task 9 result: 0
matensemble.matflux 2025-12-17T19:05:57Z INFO matflux.py 286 2277926 ('resources----', 'free cores: ', 384, 'free gpus: ', 0)
matensemble.matflux 2025-12-17T19:05:57Z INFO matflux.py 323 2277926 ======COMPLETED JOBS=======RUNNING JOBS======PENDING JOBS
matensemble.matflux 2025-12-17T19:05:57Z INFO matflux.py 324 2277926 ======1============99============0
Task 3 result: 0
matensemble.matflux 2025-12-17T19:05:57Z INFO matflux.py 286 2277926 ('resources----', 'free cores: ', 384, 'free gpus: ', 0)
matensemble.matflux 2025-12-17T19:05:57Z INFO matflux.py 323 2277926 ======COMPLETED JOBS=======RUNNING JOBS======PENDING JOBS
matensemble.matflux 2025-12-17T19:05:57Z INFO matflux.py 324 2277926 ======2============98============0
Task 7 result: 0
matensemble.matflux 2025-12-17T19:05:57Z INFO matflux.py 286 2277926 ('resources----', 'free cores: ', 384, 'free gpus: ', 0)
matensemble.matflux 2025-12-17T19:05:57Z INFO matflux.py 323 2277926 ======COMPLETED JOBS=======RUNNING JOBS======PENDING JOBS
matensemble.matflux 2025-12-17T19:05:57Z INFO matflux.py 324 2277926 ======3============97============0
Task 25 result: 0
matensemble.matflux 2025-12-17T19:05:57Z INFO matflux.py 286 2277926 ('resources----', 'free cores: ', 384, 'free gpus: ', 0)
matensemble.matflux 2025-12-17T19:05:57Z INFO matflux.py 323 2277926 ======COMPLETED JOBS=======RUNNING JOBS======PENDING JOBS
matensemble.matflux 2025-12-17T19:05:57Z INFO matflux.py 324 2277926 ======4============96============0
Task 11 result: 0
matensemble.matflux 2025-12-17T19:05:57Z INFO matflux.py 286 2277926 ('resources----', 'free cores: ', 384, 'free gpus: ', 0)
matensemble.matflux 2025-12-17T19:05:57Z INFO matflux.py 323 2277926 ======COMPLETED JOBS=======RUNNING JOBS======PENDING JOBS
matensemble.matflux 2025-12-17T19:05:57Z INFO matflux.py 324 2277926 ======5============95============0
Task 42 result: 0
matensemble.matflux 2025-12-17T19:05:57Z INFO matflux.py 286 2277926 ('resources----', 'free cores: ', 384, 'free gpus: ', 0)
matensemble.matflux 2025-12-17T19:05:57Z INFO matflux.py 323 2277926 ======COMPLETED JOBS=======RUNNING JOBS======PENDING JOBS
matensemble.matflux 2025-12-17T19:05:57Z INFO matflux.py 324 2277926 ======6============94============0
Task 66 result: 0
matensemble.matflux 2025-12-17T19:05:57Z INFO matflux.py 286 2277926 ('resources----', 'free cores: ', 384, 'free gpus: ', 0)
matensemble.matflux 2025-12-17T19:05:57Z INFO matflux.py 323 2277926 ======COMPLETED JOBS=======RUNNING JOBS======PENDING JOBS
matensemble.matflux 2025-12-17T19:05:57Z INFO matflux.py 324 2277926 ======7============93============0
Task 70 result: 0
matensemble.matflux 2025-12-17T19:05:57Z INFO matflux.py 286 2277926 ('resources----', 'free cores: ', 384, 'free gpus: ', 0)
matensemble.matflux 2025-12-17T19:05:57Z INFO matflux.py 323 2277926 ======COMPLETED JOBS=======RUNNING JOBS======PENDING JOBS
matensemble.matflux 2025-12-17T19:05:57Z INFO matflux.py 324 2277926 ======8============92============0
Task 38 result: 0
matensemble.matflux 2025-12-17T19:05:57Z INFO matflux.py 286 2277926 ('resources----', 'free cores: ', 384, 'free gpus: ', 0)
matensemble.matflux 2025-12-17T19:05:57Z INFO matflux.py 323 2277926 ======COMPLETED JOBS=======RUNNING JOBS======PENDING JOBS
matensemble.matflux 2025-12-17T19:05:57Z INFO matflux.py 324 2277926 ======9============91============0
Task 41 result: 0
matensemble.matflux 2025-12-17T19:05:57Z INFO matflux.py 286 2277926 ('resources----', 'free cores: ', 384, 'free gpus: ', 0)
matensemble.matflux 2025-12-17T19:05:57Z INFO matflux.py 323 2277926 ======COMPLETED JOBS=======RUNNING JOBS======PENDING JOBS
matensemble.matflux 2025-12-17T19:05:57Z INFO matflux.py 324 2277926 ======10============90============0
Task 67 result: 0
matensemble.matflux 2025-12-17T19:05:57Z INFO matflux.py 286 2277926 ('resources----', 'free cores: ', 384, 'free gpus: ', 0)
matensemble.matflux 2025-12-17T19:05:57Z INFO matflux.py 323 2277926 ======COMPLETED JOBS=======RUNNING JOBS======PENDING JOBS
matensemble.matflux 2025-12-17T19:05:57Z INFO matflux.py 324 2277926 ======11============89============0
Task 73 result: 0
matensemble.matflux 2025-12-17T19:05:57Z INFO matflux.py 286 2277926 ('resources----', 'free cores: ', 384, 'free gpus: ', 0)
matensemble.matflux 2025-12-17T19:05:57Z INFO matflux.py 323 2277926 ======COMPLETED JOBS=======RUNNING JOBS======PENDING JOBS
matensemble.matflux 2025-12-17T19:05:57Z INFO matflux.py 324 2277926 ======12============88============0
Task 53 result: 0
matensemble.matflux 2025-12-17T19:05:57Z INFO matflux.py 286 2277926 ('resources----', 'free cores: ', 384, 'free gpus: ', 0)
matensemble.matflux 2025-12-17T19:05:57Z INFO matflux.py 323 2277926 ======COMPLETED JOBS=======RUNNING JOBS======PENDING JOBS
matensemble.matflux 2025-12-17T19:05:57Z INFO matflux.py 324 2277926 ======13============87============0
Task 50 result: 0
matensemble.matflux 2025-12-17T19:05:57Z INFO matflux.py 286 2277926 ('resources----', 'free cores: ', 384, 'free gpus: ', 0)
matensemble.matflux 2025-12-17T19:05:57Z INFO matflux.py 323 2277926 ======COMPLETED JOBS=======RUNNING JOBS======PENDING JOBS
matensemble.matflux 2025-12-17T19:05:57Z INFO matflux.py 324 2277926 ======14============86============0
Task 51 result: 0
matensemble.matflux 2025-12-17T19:05:57Z INFO matflux.py 286 2277926 ('resources----', 'free cores: ', 384, 'free gpus: ', 0)
matensemble.matflux 2025-12-17T19:05:57Z INFO matflux.py 323 2277926 ======COMPLETED JOBS=======RUNNING JOBS======PENDING JOBS
matensemble.matflux 2025-12-17T19:05:57Z INFO matflux.py 324 2277926 ======15============85============0
Task 30 result: 0
matensemble.matflux 2025-12-17T19:05:57Z INFO matflux.py 286 2277926 ('resources----', 'free cores: ', 384, 'free gpus: ', 0)
matensemble.matflux 2025-12-17T19:05:57Z INFO matflux.py 323 2277926 ======COMPLETED JOBS=======RUNNING JOBS======PENDING JOBS
matensemble.matflux 2025-12-17T19:05:57Z INFO matflux.py 324 2277926 ======16============84============0
Task 2 result: 0
matensemble.matflux 2025-12-17T19:05:57Z INFO matflux.py 286 2277926 ('resources----', 'free cores: ', 384, 'free gpus: ', 0)
matensemble.matflux 2025-12-17T19:05:57Z INFO matflux.py 323 2277926 ======COMPLETED JOBS=======RUNNING JOBS======PENDING JOBS
matensemble.matflux 2025-12-17T19:05:57Z INFO matflux.py 324 2277926 ======17============83============0
Task 10 result: 0
matensemble.matflux 2025-12-17T19:05:57Z INFO matflux.py 286 2277926 ('resources----', 'free cores: ', 384, 'free gpus: ', 0)
matensemble.matflux 2025-12-17T19:05:57Z INFO matflux.py 323 2277926 ======COMPLETED JOBS=======RUNNING JOBS======PENDING JOBS
matensemble.matflux 2025-12-17T19:05:57Z INFO matflux.py 324 2277926 ======18============82============0
Task 84 result: 0
matensemble.matflux 2025-12-17T19:05:57Z INFO matflux.py 286 2277926 ('resources----', 'free cores: ', 384, 'free gpus: ', 0)
matensemble.matflux 2025-12-17T19:05:57Z INFO matflux.py 323 2277926 ======COMPLETED JOBS=======RUNNING JOBS======PENDING JOBS
matensemble.matflux 2025-12-17T19:05:57Z INFO matflux.py 324 2277926 ======19============81============0
Task 18 result: 0
matensemble.matflux 2025-12-17T19:05:57Z INFO matflux.py 286 2277926 ('resources----', 'free cores: ', 384, 'free gpus: ', 0)
matensemble.matflux 2025-12-17T19:05:57Z INFO matflux.py 323 2277926 ======COMPLETED JOBS=======RUNNING JOBS======PENDING JOBS
matensemble.matflux 2025-12-17T19:05:57Z INFO matflux.py 324 2277926 ======20============80============0
Task 37 result: 0
matensemble.matflux 2025-12-17T19:05:57Z INFO matflux.py 286 2277926 ('resources----', 'free cores: ', 384, 'free gpus: ', 0)
matensemble.matflux 2025-12-17T19:05:57Z INFO matflux.py 323 2277926 ======COMPLETED JOBS=======RUNNING JOBS======PENDING JOBS
matensemble.matflux 2025-12-17T19:05:57Z INFO matflux.py 324 2277926 ======21============79============0
Task 78 result: 0
matensemble.matflux 2025-12-17T19:05:57Z INFO matflux.py 286 2277926 ('resources----', 'free cores: ', 384, 'free gpus: ', 0)
matensemble.matflux 2025-12-17T19:05:57Z INFO matflux.py 323 2277926 ======COMPLETED JOBS=======RUNNING JOBS======PENDING JOBS
matensemble.matflux 2025-12-17T19:05:57Z INFO matflux.py 324 2277926 ======22============78============0
Task 59 result: 0
matensemble.matflux 2025-12-17T19:05:57Z INFO matflux.py 286 2277926 ('resources----', 'free cores: ', 384, 'free gpus: ', 0)
matensemble.matflux 2025-12-17T19:05:57Z INFO matflux.py 323 2277926 ======COMPLETED JOBS=======RUNNING JOBS======PENDING JOBS
matensemble.matflux 2025-12-17T19:05:57Z INFO matflux.py 324 2277926 ======23============77============0
Task 15 result: 0
matensemble.matflux 2025-12-17T19:05:57Z INFO matflux.py 286 2277926 ('resources----', 'free cores: ', 384, 'free gpus: ', 0)
matensemble.matflux 2025-12-17T19:05:57Z INFO matflux.py 323 2277926 ======COMPLETED JOBS=======RUNNING JOBS======PENDING JOBS
matensemble.matflux 2025-12-17T19:05:57Z INFO matflux.py 324 2277926 ======24============76============0
Task 62 result: 0
matensemble.matflux 2025-12-17T19:05:57Z INFO matflux.py 286 2277926 ('resources----', 'free cores: ', 384, 'free gpus: ', 0)
matensemble.matflux 2025-12-17T19:05:57Z INFO matflux.py 323 2277926 ======COMPLETED JOBS=======RUNNING JOBS======PENDING JOBS
matensemble.matflux 2025-12-17T19:05:57Z INFO matflux.py 324 2277926 ======25============75============0
Task 74 result: 0
matensemble.matflux 2025-12-17T19:05:57Z INFO matflux.py 286 2277926 ('resources----', 'free cores: ', 384, 'free gpus: ', 0)
matensemble.matflux 2025-12-17T19:05:57Z INFO matflux.py 323 2277926 ======COMPLETED JOBS=======RUNNING JOBS======PENDING JOBS
matensemble.matflux 2025-12-17T19:05:57Z INFO matflux.py 324 2277926 ======26============74============0
Task 4 result: 0
matensemble.matflux 2025-12-17T19:05:57Z INFO matflux.py 286 2277926 ('resources----', 'free cores: ', 384, 'free gpus: ', 0)
matensemble.matflux 2025-12-17T19:05:57Z INFO matflux.py 323 2277926 ======COMPLETED JOBS=======RUNNING JOBS======PENDING JOBS
matensemble.matflux 2025-12-17T19:05:57Z INFO matflux.py 324 2277926 ======27============73============0
Task 24 result: 0
matensemble.matflux 2025-12-17T19:05:57Z INFO matflux.py 286 2277926 ('resources----', 'free cores: ', 384, 'free gpus: ', 0)
matensemble.matflux 2025-12-17T19:05:57Z INFO matflux.py 323 2277926 ======COMPLETED JOBS=======RUNNING JOBS======PENDING JOBS
matensemble.matflux 2025-12-17T19:05:57Z INFO matflux.py 324 2277926 ======28============72============0
Task 82 result: 0
matensemble.matflux 2025-12-17T19:05:57Z INFO matflux.py 286 2277926 ('resources----', 'free cores: ', 384, 'free gpus: ', 0)
matensemble.matflux 2025-12-17T19:05:57Z INFO matflux.py 323 2277926 ======COMPLETED JOBS=======RUNNING JOBS======PENDING JOBS
matensemble.matflux 2025-12-17T19:05:57Z INFO matflux.py 324 2277926 ======29============71============0
Task 92 result: 0
matensemble.matflux 2025-12-17T19:05:57Z INFO matflux.py 286 2277926 ('resources----', 'free cores: ', 384, 'free gpus: ', 0)
matensemble.matflux 2025-12-17T19:05:57Z INFO matflux.py 323 2277926 ======COMPLETED JOBS=======RUNNING JOBS======PENDING JOBS
matensemble.matflux 2025-12-17T19:05:57Z INFO matflux.py 324 2277926 ======30============70============0
Task 64 result: 0
matensemble.matflux 2025-12-17T19:05:57Z INFO matflux.py 286 2277926 ('resources----', 'free cores: ', 384, 'free gpus: ', 0)
matensemble.matflux 2025-12-17T19:05:57Z INFO matflux.py 323 2277926 ======COMPLETED JOBS=======RUNNING JOBS======PENDING JOBS
matensemble.matflux 2025-12-17T19:05:57Z INFO matflux.py 324 2277926 ======31============69============0
Task 96 result: 0
matensemble.matflux 2025-12-17T19:05:57Z INFO matflux.py 286 2277926 ('resources----', 'free cores: ', 384, 'free gpus: ', 0)
matensemble.matflux 2025-12-17T19:05:57Z INFO matflux.py 323 2277926 ======COMPLETED JOBS=======RUNNING JOBS======PENDING JOBS
matensemble.matflux 2025-12-17T19:05:57Z INFO matflux.py 324 2277926 ======32============68============0
Task 71 result: 0
matensemble.matflux 2025-12-17T19:05:57Z INFO matflux.py 286 2277926 ('resources----', 'free cores: ', 384, 'free gpus: ', 0)
matensemble.matflux 2025-12-17T19:05:57Z INFO matflux.py 323 2277926 ======COMPLETED JOBS=======RUNNING JOBS======PENDING JOBS
matensemble.matflux 2025-12-17T19:05:57Z INFO matflux.py 324 2277926 ======33============67============0
Task 81 result: 0
matensemble.matflux 2025-12-17T19:05:57Z INFO matflux.py 286 2277926 ('resources----', 'free cores: ', 384, 'free gpus: ', 0)
matensemble.matflux 2025-12-17T19:05:57Z INFO matflux.py 323 2277926 ======COMPLETED JOBS=======RUNNING JOBS======PENDING JOBS
matensemble.matflux 2025-12-17T19:05:57Z INFO matflux.py 324 2277926 ======34============66============0
Task 76 result: 0
matensemble.matflux 2025-12-17T19:05:57Z INFO matflux.py 286 2277926 ('resources----', 'free cores: ', 384, 'free gpus: ', 0)
matensemble.matflux 2025-12-17T19:05:57Z INFO matflux.py 323 2277926 ======COMPLETED JOBS=======RUNNING JOBS======PENDING JOBS
matensemble.matflux 2025-12-17T19:05:57Z INFO matflux.py 324 2277926 ======35============65============0
Task 79 result: 0
matensemble.matflux 2025-12-17T19:05:57Z INFO matflux.py 286 2277926 ('resources----', 'free cores: ', 384, 'free gpus: ', 0)
matensemble.matflux 2025-12-17T19:05:57Z INFO matflux.py 323 2277926 ======COMPLETED JOBS=======RUNNING JOBS======PENDING JOBS
matensemble.matflux 2025-12-17T19:05:57Z INFO matflux.py 324 2277926 ======36============64============0
Task 56 result: 0
matensemble.matflux 2025-12-17T19:05:57Z INFO matflux.py 286 2277926 ('resources----', 'free cores: ', 384, 'free gpus: ', 0)
matensemble.matflux 2025-12-17T19:05:57Z INFO matflux.py 323 2277926 ======COMPLETED JOBS=======RUNNING JOBS======PENDING JOBS
matensemble.matflux 2025-12-17T19:05:57Z INFO matflux.py 324 2277926 ======37============63============0
Task 95 result: 0
matensemble.matflux 2025-12-17T19:05:57Z INFO matflux.py 286 2277926 ('resources----', 'free cores: ', 384, 'free gpus: ', 0)
matensemble.matflux 2025-12-17T19:05:57Z INFO matflux.py 323 2277926 ======COMPLETED JOBS=======RUNNING JOBS======PENDING JOBS
matensemble.matflux 2025-12-17T19:05:57Z INFO matflux.py 324 2277926 ======38============62============0
Task 34 result: 0
matensemble.matflux 2025-12-17T19:05:57Z INFO matflux.py 286 2277926 ('resources----', 'free cores: ', 384, 'free gpus: ', 0)
matensemble.matflux 2025-12-17T19:05:57Z INFO matflux.py 323 2277926 ======COMPLETED JOBS=======RUNNING JOBS======PENDING JOBS
matensemble.matflux 2025-12-17T19:05:57Z INFO matflux.py 324 2277926 ======39============61============0
Task 58 result: 0
matensemble.matflux 2025-12-17T19:05:57Z INFO matflux.py 286 2277926 ('resources----', 'free cores: ', 384, 'free gpus: ', 0)
matensemble.matflux 2025-12-17T19:05:57Z INFO matflux.py 323 2277926 ======COMPLETED JOBS=======RUNNING JOBS======PENDING JOBS
matensemble.matflux 2025-12-17T19:05:57Z INFO matflux.py 324 2277926 ======40============60============0
Task 61 result: 0
matensemble.matflux 2025-12-17T19:05:57Z INFO matflux.py 286 2277926 ('resources----', 'free cores: ', 384, 'free gpus: ', 0)
matensemble.matflux 2025-12-17T19:05:57Z INFO matflux.py 323 2277926 ======COMPLETED JOBS=======RUNNING JOBS======PENDING JOBS
matensemble.matflux 2025-12-17T19:05:57Z INFO matflux.py 324 2277926 ======41============59============0
Task 55 result: 0
matensemble.matflux 2025-12-17T19:05:57Z INFO matflux.py 286 2277926 ('resources----', 'free cores: ', 384, 'free gpus: ', 0)
matensemble.matflux 2025-12-17T19:05:57Z INFO matflux.py 323 2277926 ======COMPLETED JOBS=======RUNNING JOBS======PENDING JOBS
matensemble.matflux 2025-12-17T19:05:57Z INFO matflux.py 324 2277926 ======42============58============0
Task 8 result: 0
matensemble.matflux 2025-12-17T19:05:57Z INFO matflux.py 286 2277926 ('resources----', 'free cores: ', 384, 'free gpus: ', 0)
matensemble.matflux 2025-12-17T19:05:57Z INFO matflux.py 323 2277926 ======COMPLETED JOBS=======RUNNING JOBS======PENDING JOBS
matensemble.matflux 2025-12-17T19:05:57Z INFO matflux.py 324 2277926 ======43============57============0
Task 44 result: 0
matensemble.matflux 2025-12-17T19:05:57Z INFO matflux.py 286 2277926 ('resources----', 'free cores: ', 384, 'free gpus: ', 0)
matensemble.matflux 2025-12-17T19:05:57Z INFO matflux.py 323 2277926 ======COMPLETED JOBS=======RUNNING JOBS======PENDING JOBS
matensemble.matflux 2025-12-17T19:05:57Z INFO matflux.py 324 2277926 ======44============56============0
Task 89 result: 0
matensemble.matflux 2025-12-17T19:05:57Z INFO matflux.py 286 2277926 ('resources----', 'free cores: ', 384, 'free gpus: ', 0)
matensemble.matflux 2025-12-17T19:05:57Z INFO matflux.py 323 2277926 ======COMPLETED JOBS=======RUNNING JOBS======PENDING JOBS
matensemble.matflux 2025-12-17T19:05:57Z INFO matflux.py 324 2277926 ======45============55============0
Task 91 result: 0
matensemble.matflux 2025-12-17T19:05:57Z INFO matflux.py 286 2277926 ('resources----', 'free cores: ', 384, 'free gpus: ', 0)
matensemble.matflux 2025-12-17T19:05:57Z INFO matflux.py 323 2277926 ======COMPLETED JOBS=======RUNNING JOBS======PENDING JOBS
matensemble.matflux 2025-12-17T19:05:57Z INFO matflux.py 324 2277926 ======46============54============0
Task 43 result: 0
matensemble.matflux 2025-12-17T19:05:57Z INFO matflux.py 286 2277926 ('resources----', 'free cores: ', 384, 'free gpus: ', 0)
matensemble.matflux 2025-12-17T19:05:57Z INFO matflux.py 323 2277926 ======COMPLETED JOBS=======RUNNING JOBS======PENDING JOBS
matensemble.matflux 2025-12-17T19:05:57Z INFO matflux.py 324 2277926 ======47============53============0
Task 69 result: 0
matensemble.matflux 2025-12-17T19:05:57Z INFO matflux.py 286 2277926 ('resources----', 'free cores: ', 384, 'free gpus: ', 0)
matensemble.matflux 2025-12-17T19:05:57Z INFO matflux.py 323 2277926 ======COMPLETED JOBS=======RUNNING JOBS======PENDING JOBS
matensemble.matflux 2025-12-17T19:05:57Z INFO matflux.py 324 2277926 ======48============52============0
Task 98 result: 0
matensemble.matflux 2025-12-17T19:05:57Z INFO matflux.py 286 2277926 ('resources----', 'free cores: ', 384, 'free gpus: ', 0)
matensemble.matflux 2025-12-17T19:05:57Z INFO matflux.py 323 2277926 ======COMPLETED JOBS=======RUNNING JOBS======PENDING JOBS
matensemble.matflux 2025-12-17T19:05:57Z INFO matflux.py 324 2277926 ======49============51============0
Task 54 result: 0
matensemble.matflux 2025-12-17T19:05:57Z INFO matflux.py 286 2277926 ('resources----', 'free cores: ', 384, 'free gpus: ', 0)
matensemble.matflux 2025-12-17T19:05:57Z INFO matflux.py 323 2277926 ======COMPLETED JOBS=======RUNNING JOBS======PENDING JOBS
matensemble.matflux 2025-12-17T19:05:57Z INFO matflux.py 324 2277926 ======50============50============0
Task 63 result: 0
matensemble.matflux 2025-12-17T19:05:57Z INFO matflux.py 286 2277926 ('resources----', 'free cores: ', 384, 'free gpus: ', 0)
matensemble.matflux 2025-12-17T19:05:57Z INFO matflux.py 323 2277926 ======COMPLETED JOBS=======RUNNING JOBS======PENDING JOBS
matensemble.matflux 2025-12-17T19:05:57Z INFO matflux.py 324 2277926 ======51============49============0
Task 1 result: 0
matensemble.matflux 2025-12-17T19:05:57Z INFO matflux.py 286 2277926 ('resources----', 'free cores: ', 384, 'free gpus: ', 0)
matensemble.matflux 2025-12-17T19:05:57Z INFO matflux.py 323 2277926 ======COMPLETED JOBS=======RUNNING JOBS======PENDING JOBS
matensemble.matflux 2025-12-17T19:05:57Z INFO matflux.py 324 2277926 ======52============48============0
Task 57 result: 0
matensemble.matflux 2025-12-17T19:05:57Z INFO matflux.py 286 2277926 ('resources----', 'free cores: ', 384, 'free gpus: ', 0)
matensemble.matflux 2025-12-17T19:05:57Z INFO matflux.py 323 2277926 ======COMPLETED JOBS=======RUNNING JOBS======PENDING JOBS
matensemble.matflux 2025-12-17T19:05:57Z INFO matflux.py 324 2277926 ======53============47============0
Task 27 result: 0
matensemble.matflux 2025-12-17T19:05:57Z INFO matflux.py 286 2277926 ('resources----', 'free cores: ', 384, 'free gpus: ', 0)
matensemble.matflux 2025-12-17T19:05:57Z INFO matflux.py 323 2277926 ======COMPLETED JOBS=======RUNNING JOBS======PENDING JOBS
matensemble.matflux 2025-12-17T19:05:57Z INFO matflux.py 324 2277926 ======54============46============0
Task 90 result: 0
matensemble.matflux 2025-12-17T19:05:57Z INFO matflux.py 286 2277926 ('resources----', 'free cores: ', 384, 'free gpus: ', 0)
matensemble.matflux 2025-12-17T19:05:57Z INFO matflux.py 323 2277926 ======COMPLETED JOBS=======RUNNING JOBS======PENDING JOBS
matensemble.matflux 2025-12-17T19:05:57Z INFO matflux.py 324 2277926 ======55============45============0
Task 87 result: 0
matensemble.matflux 2025-12-17T19:05:57Z INFO matflux.py 286 2277926 ('resources----', 'free cores: ', 384, 'free gpus: ', 0)
matensemble.matflux 2025-12-17T19:05:57Z INFO matflux.py 323 2277926 ======COMPLETED JOBS=======RUNNING JOBS======PENDING JOBS
matensemble.matflux 2025-12-17T19:05:57Z INFO matflux.py 324 2277926 ======56============44============0
Task 85 result: 0
matensemble.matflux 2025-12-17T19:05:57Z INFO matflux.py 286 2277926 ('resources----', 'free cores: ', 384, 'free gpus: ', 0)
matensemble.matflux 2025-12-17T19:05:57Z INFO matflux.py 323 2277926 ======COMPLETED JOBS=======RUNNING JOBS======PENDING JOBS
matensemble.matflux 2025-12-17T19:05:57Z INFO matflux.py 324 2277926 ======57============43============0
Task 40 result: 0
matensemble.matflux 2025-12-17T19:05:57Z INFO matflux.py 286 2277926 ('resources----', 'free cores: ', 384, 'free gpus: ', 0)
matensemble.matflux 2025-12-17T19:05:57Z INFO matflux.py 323 2277926 ======COMPLETED JOBS=======RUNNING JOBS======PENDING JOBS
matensemble.matflux 2025-12-17T19:05:57Z INFO matflux.py 324 2277926 ======58============42============0
Task 14 result: 0
matensemble.matflux 2025-12-17T19:05:57Z INFO matflux.py 286 2277926 ('resources----', 'free cores: ', 384, 'free gpus: ', 0)
matensemble.matflux 2025-12-17T19:05:57Z INFO matflux.py 323 2277926 ======COMPLETED JOBS=======RUNNING JOBS======PENDING JOBS
matensemble.matflux 2025-12-17T19:05:57Z INFO matflux.py 324 2277926 ======59============41============0
Task 0 result: 0
matensemble.matflux 2025-12-17T19:05:57Z INFO matflux.py 286 2277926 ('resources----', 'free cores: ', 384, 'free gpus: ', 0)
matensemble.matflux 2025-12-17T19:05:57Z INFO matflux.py 323 2277926 ======COMPLETED JOBS=======RUNNING JOBS======PENDING JOBS
matensemble.matflux 2025-12-17T19:05:57Z INFO matflux.py 324 2277926 ======60============40============0
Task 35 result: 0
matensemble.matflux 2025-12-17T19:05:57Z INFO matflux.py 286 2277926 ('resources----', 'free cores: ', 384, 'free gpus: ', 0)
matensemble.matflux 2025-12-17T19:05:57Z INFO matflux.py 323 2277926 ======COMPLETED JOBS=======RUNNING JOBS======PENDING JOBS
matensemble.matflux 2025-12-17T19:05:57Z INFO matflux.py 324 2277926 ======61============39============0
Task 75 result: 0
matensemble.matflux 2025-12-17T19:05:57Z INFO matflux.py 286 2277926 ('resources----', 'free cores: ', 384, 'free gpus: ', 0)
matensemble.matflux 2025-12-17T19:05:57Z INFO matflux.py 323 2277926 ======COMPLETED JOBS=======RUNNING JOBS======PENDING JOBS
matensemble.matflux 2025-12-17T19:05:57Z INFO matflux.py 324 2277926 ======62============38============0
Task 36 result: 0
matensemble.matflux 2025-12-17T19:05:57Z INFO matflux.py 286 2277926 ('resources----', 'free cores: ', 384, 'free gpus: ', 0)
matensemble.matflux 2025-12-17T19:05:57Z INFO matflux.py 323 2277926 ======COMPLETED JOBS=======RUNNING JOBS======PENDING JOBS
matensemble.matflux 2025-12-17T19:05:57Z INFO matflux.py 324 2277926 ======63============37============0
Task 93 result: 0
matensemble.matflux 2025-12-17T19:05:57Z INFO matflux.py 286 2277926 ('resources----', 'free cores: ', 384, 'free gpus: ', 0)
matensemble.matflux 2025-12-17T19:05:57Z INFO matflux.py 323 2277926 ======COMPLETED JOBS=======RUNNING JOBS======PENDING JOBS
matensemble.matflux 2025-12-17T19:05:57Z INFO matflux.py 324 2277926 ======64============36============0
Task 13 result: 0
matensemble.matflux 2025-12-17T19:05:57Z INFO matflux.py 286 2277926 ('resources----', 'free cores: ', 384, 'free gpus: ', 0)
matensemble.matflux 2025-12-17T19:05:57Z INFO matflux.py 323 2277926 ======COMPLETED JOBS=======RUNNING JOBS======PENDING JOBS
matensemble.matflux 2025-12-17T19:05:57Z INFO matflux.py 324 2277926 ======65============35============0
Task 99 result: 0
matensemble.matflux 2025-12-17T19:05:57Z INFO matflux.py 286 2277926 ('resources----', 'free cores: ', 384, 'free gpus: ', 0)
matensemble.matflux 2025-12-17T19:05:57Z INFO matflux.py 323 2277926 ======COMPLETED JOBS=======RUNNING JOBS======PENDING JOBS
matensemble.matflux 2025-12-17T19:05:57Z INFO matflux.py 324 2277926 ======66============34============0
Task 49 result: 0
matensemble.matflux 2025-12-17T19:05:57Z INFO matflux.py 286 2277926 ('resources----', 'free cores: ', 384, 'free gpus: ', 0)
matensemble.matflux 2025-12-17T19:05:57Z INFO matflux.py 323 2277926 ======COMPLETED JOBS=======RUNNING JOBS======PENDING JOBS
matensemble.matflux 2025-12-17T19:05:57Z INFO matflux.py 324 2277926 ======67============33============0
Task 16 result: 0
matensemble.matflux 2025-12-17T19:05:57Z INFO matflux.py 286 2277926 ('resources----', 'free cores: ', 384, 'free gpus: ', 0)
matensemble.matflux 2025-12-17T19:05:57Z INFO matflux.py 323 2277926 ======COMPLETED JOBS=======RUNNING JOBS======PENDING JOBS
matensemble.matflux 2025-12-17T19:05:57Z INFO matflux.py 324 2277926 ======68============32============0
Task 94 result: 0
matensemble.matflux 2025-12-17T19:05:57Z INFO matflux.py 286 2277926 ('resources----', 'free cores: ', 384, 'free gpus: ', 0)
matensemble.matflux 2025-12-17T19:05:57Z INFO matflux.py 323 2277926 ======COMPLETED JOBS=======RUNNING JOBS======PENDING JOBS
matensemble.matflux 2025-12-17T19:05:57Z INFO matflux.py 324 2277926 ======69============31============0
Task 33 result: 0
matensemble.matflux 2025-12-17T19:05:57Z INFO matflux.py 286 2277926 ('resources----', 'free cores: ', 384, 'free gpus: ', 0)
matensemble.matflux 2025-12-17T19:05:57Z INFO matflux.py 323 2277926 ======COMPLETED JOBS=======RUNNING JOBS======PENDING JOBS
matensemble.matflux 2025-12-17T19:05:57Z INFO matflux.py 324 2277926 ======70============30============0
Task 65 result: 0
matensemble.matflux 2025-12-17T19:05:57Z INFO matflux.py 286 2277926 ('resources----', 'free cores: ', 384, 'free gpus: ', 0)
matensemble.matflux 2025-12-17T19:05:57Z INFO matflux.py 323 2277926 ======COMPLETED JOBS=======RUNNING JOBS======PENDING JOBS
matensemble.matflux 2025-12-17T19:05:57Z INFO matflux.py 324 2277926 ======71============29============0
Task 12 result: 0
matensemble.matflux 2025-12-17T19:05:57Z INFO matflux.py 286 2277926 ('resources----', 'free cores: ', 384, 'free gpus: ', 0)
matensemble.matflux 2025-12-17T19:05:57Z INFO matflux.py 323 2277926 ======COMPLETED JOBS=======RUNNING JOBS======PENDING JOBS
matensemble.matflux 2025-12-17T19:05:57Z INFO matflux.py 324 2277926 ======72============28============0
Task 22 result: 0
matensemble.matflux 2025-12-17T19:05:57Z INFO matflux.py 286 2277926 ('resources----', 'free cores: ', 384, 'free gpus: ', 0)
matensemble.matflux 2025-12-17T19:05:57Z INFO matflux.py 323 2277926 ======COMPLETED JOBS=======RUNNING JOBS======PENDING JOBS
matensemble.matflux 2025-12-17T19:05:57Z INFO matflux.py 324 2277926 ======73============27============0
Task 29 result: 0
matensemble.matflux 2025-12-17T19:05:57Z INFO matflux.py 286 2277926 ('resources----', 'free cores: ', 384, 'free gpus: ', 0)
matensemble.matflux 2025-12-17T19:05:57Z INFO matflux.py 323 2277926 ======COMPLETED JOBS=======RUNNING JOBS======PENDING JOBS
matensemble.matflux 2025-12-17T19:05:57Z INFO matflux.py 324 2277926 ======74============26============0
Task 83 result: 0
matensemble.matflux 2025-12-17T19:05:57Z INFO matflux.py 286 2277926 ('resources----', 'free cores: ', 384, 'free gpus: ', 0)
matensemble.matflux 2025-12-17T19:05:57Z INFO matflux.py 323 2277926 ======COMPLETED JOBS=======RUNNING JOBS======PENDING JOBS
matensemble.matflux 2025-12-17T19:05:57Z INFO matflux.py 324 2277926 ======75============25============0
Task 47 result: 0
matensemble.matflux 2025-12-17T19:05:57Z INFO matflux.py 286 2277926 ('resources----', 'free cores: ', 384, 'free gpus: ', 0)
matensemble.matflux 2025-12-17T19:05:57Z INFO matflux.py 323 2277926 ======COMPLETED JOBS=======RUNNING JOBS======PENDING JOBS
matensemble.matflux 2025-12-17T19:05:57Z INFO matflux.py 324 2277926 ======76============24============0
Task 5 result: 0
matensemble.matflux 2025-12-17T19:05:57Z INFO matflux.py 286 2277926 ('resources----', 'free cores: ', 384, 'free gpus: ', 0)
matensemble.matflux 2025-12-17T19:05:57Z INFO matflux.py 323 2277926 ======COMPLETED JOBS=======RUNNING JOBS======PENDING JOBS
matensemble.matflux 2025-12-17T19:05:57Z INFO matflux.py 324 2277926 ======77============23============0
Task 31 result: 0
matensemble.matflux 2025-12-17T19:05:57Z INFO matflux.py 286 2277926 ('resources----', 'free cores: ', 384, 'free gpus: ', 0)
matensemble.matflux 2025-12-17T19:05:57Z INFO matflux.py 323 2277926 ======COMPLETED JOBS=======RUNNING JOBS======PENDING JOBS
matensemble.matflux 2025-12-17T19:05:57Z INFO matflux.py 324 2277926 ======78============22============0
Task 23 result: 0
matensemble.matflux 2025-12-17T19:05:57Z INFO matflux.py 286 2277926 ('resources----', 'free cores: ', 384, 'free gpus: ', 0)
matensemble.matflux 2025-12-17T19:05:57Z INFO matflux.py 323 2277926 ======COMPLETED JOBS=======RUNNING JOBS======PENDING JOBS
matensemble.matflux 2025-12-17T19:05:57Z INFO matflux.py 324 2277926 ======79============21============0
Task 88 result: 0
matensemble.matflux 2025-12-17T19:05:57Z INFO matflux.py 286 2277926 ('resources----', 'free cores: ', 384, 'free gpus: ', 0)
matensemble.matflux 2025-12-17T19:05:57Z INFO matflux.py 323 2277926 ======COMPLETED JOBS=======RUNNING JOBS======PENDING JOBS
matensemble.matflux 2025-12-17T19:05:57Z INFO matflux.py 324 2277926 ======80============20============0
Task 48 result: 0
matensemble.matflux 2025-12-17T19:05:57Z INFO matflux.py 286 2277926 ('resources----', 'free cores: ', 384, 'free gpus: ', 0)
matensemble.matflux 2025-12-17T19:05:57Z INFO matflux.py 323 2277926 ======COMPLETED JOBS=======RUNNING JOBS======PENDING JOBS
matensemble.matflux 2025-12-17T19:05:57Z INFO matflux.py 324 2277926 ======81============19============0
Task 17 result: 0
matensemble.matflux 2025-12-17T19:05:57Z INFO matflux.py 286 2277926 ('resources----', 'free cores: ', 384, 'free gpus: ', 0)
matensemble.matflux 2025-12-17T19:05:57Z INFO matflux.py 323 2277926 ======COMPLETED JOBS=======RUNNING JOBS======PENDING JOBS
matensemble.matflux 2025-12-17T19:05:57Z INFO matflux.py 324 2277926 ======82============18============0
Task 39 result: 0
matensemble.matflux 2025-12-17T19:05:57Z INFO matflux.py 286 2277926 ('resources----', 'free cores: ', 384, 'free gpus: ', 0)
matensemble.matflux 2025-12-17T19:05:57Z INFO matflux.py 323 2277926 ======COMPLETED JOBS=======RUNNING JOBS======PENDING JOBS
matensemble.matflux 2025-12-17T19:05:57Z INFO matflux.py 324 2277926 ======83============17============0
Task 46 result: 0
matensemble.matflux 2025-12-17T19:05:57Z INFO matflux.py 286 2277926 ('resources----', 'free cores: ', 384, 'free gpus: ', 0)
matensemble.matflux 2025-12-17T19:05:57Z INFO matflux.py 323 2277926 ======COMPLETED JOBS=======RUNNING JOBS======PENDING JOBS
matensemble.matflux 2025-12-17T19:05:57Z INFO matflux.py 324 2277926 ======84============16============0
Task 32 result: 0
matensemble.matflux 2025-12-17T19:05:57Z INFO matflux.py 286 2277926 ('resources----', 'free cores: ', 384, 'free gpus: ', 0)
matensemble.matflux 2025-12-17T19:05:57Z INFO matflux.py 323 2277926 ======COMPLETED JOBS=======RUNNING JOBS======PENDING JOBS
matensemble.matflux 2025-12-17T19:05:57Z INFO matflux.py 324 2277926 ======85============15============0
Task 21 result: 0
matensemble.matflux 2025-12-17T19:05:57Z INFO matflux.py 286 2277926 ('resources----', 'free cores: ', 384, 'free gpus: ', 0)
matensemble.matflux 2025-12-17T19:05:57Z INFO matflux.py 323 2277926 ======COMPLETED JOBS=======RUNNING JOBS======PENDING JOBS
matensemble.matflux 2025-12-17T19:05:57Z INFO matflux.py 324 2277926 ======86============14============0
Task 6 result: 0
matensemble.matflux 2025-12-17T19:05:57Z INFO matflux.py 286 2277926 ('resources----', 'free cores: ', 384, 'free gpus: ', 0)
matensemble.matflux 2025-12-17T19:05:57Z INFO matflux.py 323 2277926 ======COMPLETED JOBS=======RUNNING JOBS======PENDING JOBS
matensemble.matflux 2025-12-17T19:05:57Z INFO matflux.py 324 2277926 ======87============13============0
Task 28 result: 0
matensemble.matflux 2025-12-17T19:05:57Z INFO matflux.py 286 2277926 ('resources----', 'free cores: ', 384, 'free gpus: ', 0)
matensemble.matflux 2025-12-17T19:05:57Z INFO matflux.py 323 2277926 ======COMPLETED JOBS=======RUNNING JOBS======PENDING JOBS
matensemble.matflux 2025-12-17T19:05:57Z INFO matflux.py 324 2277926 ======88============12============0
Task 19 result: 0
matensemble.matflux 2025-12-17T19:05:57Z INFO matflux.py 286 2277926 ('resources----', 'free cores: ', 384, 'free gpus: ', 0)
matensemble.matflux 2025-12-17T19:05:57Z INFO matflux.py 323 2277926 ======COMPLETED JOBS=======RUNNING JOBS======PENDING JOBS
matensemble.matflux 2025-12-17T19:05:57Z INFO matflux.py 324 2277926 ======89============11============0
Task 52 result: 0
matensemble.matflux 2025-12-17T19:05:57Z INFO matflux.py 286 2277926 ('resources----', 'free cores: ', 384, 'free gpus: ', 0)
matensemble.matflux 2025-12-17T19:05:57Z INFO matflux.py 323 2277926 ======COMPLETED JOBS=======RUNNING JOBS======PENDING JOBS
matensemble.matflux 2025-12-17T19:05:57Z INFO matflux.py 324 2277926 ======90============10============0
Task 60 result: 0
matensemble.matflux 2025-12-17T19:05:57Z INFO matflux.py 286 2277926 ('resources----', 'free cores: ', 384, 'free gpus: ', 0)
matensemble.matflux 2025-12-17T19:05:57Z INFO matflux.py 323 2277926 ======COMPLETED JOBS=======RUNNING JOBS======PENDING JOBS
matensemble.matflux 2025-12-17T19:05:57Z INFO matflux.py 324 2277926 ======91============9============0
Task 72 result: 0
matensemble.matflux 2025-12-17T19:05:57Z INFO matflux.py 286 2277926 ('resources----', 'free cores: ', 384, 'free gpus: ', 0)
matensemble.matflux 2025-12-17T19:05:57Z INFO matflux.py 323 2277926 ======COMPLETED JOBS=======RUNNING JOBS======PENDING JOBS
matensemble.matflux 2025-12-17T19:05:57Z INFO matflux.py 324 2277926 ======92============8============0
Task 86 result: 0
matensemble.matflux 2025-12-17T19:05:57Z INFO matflux.py 286 2277926 ('resources----', 'free cores: ', 384, 'free gpus: ', 0)
matensemble.matflux 2025-12-17T19:05:57Z INFO matflux.py 323 2277926 ======COMPLETED JOBS=======RUNNING JOBS======PENDING JOBS
matensemble.matflux 2025-12-17T19:05:57Z INFO matflux.py 324 2277926 ======93============7============0
Task 26 result: 0
matensemble.matflux 2025-12-17T19:05:57Z INFO matflux.py 286 2277926 ('resources----', 'free cores: ', 384, 'free gpus: ', 0)
matensemble.matflux 2025-12-17T19:05:57Z INFO matflux.py 323 2277926 ======COMPLETED JOBS=======RUNNING JOBS======PENDING JOBS
matensemble.matflux 2025-12-17T19:05:57Z INFO matflux.py 324 2277926 ======94============6============0
Task 68 result: 0
matensemble.matflux 2025-12-17T19:05:57Z INFO matflux.py 286 2277926 ('resources----', 'free cores: ', 384, 'free gpus: ', 0)
matensemble.matflux 2025-12-17T19:05:57Z INFO matflux.py 323 2277926 ======COMPLETED JOBS=======RUNNING JOBS======PENDING JOBS
matensemble.matflux 2025-12-17T19:05:57Z INFO matflux.py 324 2277926 ======95============5============0
Task 80 result: 0
matensemble.matflux 2025-12-17T19:05:57Z INFO matflux.py 286 2277926 ('resources----', 'free cores: ', 384, 'free gpus: ', 0)
matensemble.matflux 2025-12-17T19:05:57Z INFO matflux.py 323 2277926 ======COMPLETED JOBS=======RUNNING JOBS======PENDING JOBS
matensemble.matflux 2025-12-17T19:05:57Z INFO matflux.py 324 2277926 ======96============4============0
Task 97 result: 0
matensemble.matflux 2025-12-17T19:05:57Z INFO matflux.py 286 2277926 ('resources----', 'free cores: ', 384, 'free gpus: ', 0)
matensemble.matflux 2025-12-17T19:05:57Z INFO matflux.py 323 2277926 ======COMPLETED JOBS=======RUNNING JOBS======PENDING JOBS
matensemble.matflux 2025-12-17T19:05:57Z INFO matflux.py 324 2277926 ======97============3============0
Task 20 result: 0
matensemble.matflux 2025-12-17T19:05:57Z INFO matflux.py 286 2277926 ('resources----', 'free cores: ', 384, 'free gpus: ', 0)
matensemble.matflux 2025-12-17T19:05:57Z INFO matflux.py 323 2277926 ======COMPLETED JOBS=======RUNNING JOBS======PENDING JOBS
matensemble.matflux 2025-12-17T19:05:57Z INFO matflux.py 324 2277926 ======98============2============0
Task 77 result: 0
matensemble.matflux 2025-12-17T19:05:57Z INFO matflux.py 286 2277926 ('resources----', 'free cores: ', 384, 'free gpus: ', 0)
matensemble.matflux 2025-12-17T19:05:57Z INFO matflux.py 323 2277926 ======COMPLETED JOBS=======RUNNING JOBS======PENDING JOBS
matensemble.matflux 2025-12-17T19:05:57Z INFO matflux.py 324 2277926 ======99============1============0
Task 45 result: 0
matensemble.matflux 2025-12-17T19:05:57Z INFO matflux.py 286 2277926 ('resources----', 'free cores: ', 384, 'free gpus: ', 0)
matensemble.matflux 2025-12-17T19:05:57Z INFO matflux.py 323 2277926 ======COMPLETED JOBS=======RUNNING JOBS======PENDING JOBS
matensemble.matflux 2025-12-17T19:05:57Z INFO matflux.py 324 2277926 ======100============0============0
matensemble.matflux 2025-12-17T19:05:57Z INFO matflux.py 194 2277926 =============EXITING WORKFLOW ENVIRONMENT====================
Reading latest restart file: ./restart_100.dat
